<?xml version="1.0" encoding="UTF-8"?>
<!-- Generated by org.testng.reporters.JUnitXMLReporter -->
<testsuite hostname="DESKTOP-5N2O2MN" ignored="0" name="Command line test" tests="4" failures="0" timestamp="23 Jun 2019 22:00:57 GMT" time="334.292" errors="0">
  <testcase name="SaveEmployeeTest" time="11.974" classname="com.restAssuredDocker.restAssuredDemoTest.EmployeeTest"/>
  <testcase name="UpdateEmployeeTest" time="111.628" classname="com.restAssuredDocker.restAssuredDemoTest.EmployeeTest"/>
  <testcase name="GetAllEmployees" time="110.037" classname="com.restAssuredDocker.restAssuredDemoTest.EmployeeTest"/>
  <testcase name="DeleteEmployeeById" time="100.179" classname="com.restAssuredDocker.restAssuredDemoTest.EmployeeTest"/>
</testsuite> <!-- Command line test -->
