<?xml version="1.0" encoding="UTF-8"?>
<testng-results skipped="0" failed="0" ignored="0" total="1" passed="1">
  <reporter-output>
  </reporter-output>
  <suite name="Command line suite" duration-ms="18" started-at="2019-06-23T22:00:58Z" finished-at="2019-06-23T22:00:58Z">
    <groups>
    </groups>
    <test name="Command line test" duration-ms="18" started-at="2019-06-23T22:00:58Z" finished-at="2019-06-23T22:00:58Z">
      <class name="com.restAssuredDocker.restAssuredDemoTest.AppTest">
        <test-method status="PASS" signature="testApp()[pri:0, instance:testApp(com.restAssuredDocker.restAssuredDemoTest.AppTest)]" name="testApp" duration-ms="1" started-at="2019-06-23T22:00:58Z" finished-at="2019-06-23T22:00:58Z">
          <reporter-output>
          </reporter-output>
        </test-method> <!-- testApp -->
      </class> <!-- com.restAssuredDocker.restAssuredDemoTest.AppTest -->
    </test> <!-- Command line test -->
  </suite> <!-- Command line suite -->
</testng-results>
